SF:lib/src/story_carousel.dart
DA:6,3
DA:32,2
DA:33,2
DA:44,2
DA:45,4
DA:46,7
DA:47,4
DA:49,4
DA:52,2
DA:54,2
DA:55,4
DA:56,7
DA:57,4
DA:58,2
DA:59,2
DA:60,2
DA:61,2
DA:62,2
DA:64,2
DA:67,2
DA:69,4
DA:70,4
DA:71,4
DA:72,2
DA:74,2
DA:77,2
DA:78,6
DA:81,2
DA:82,4
DA:83,2
DA:84,10
DA:86,4
DA:90,6
DA:91,2
DA:92,6
DA:93,2
DA:94,10
DA:95,2
DA:96,2
DA:97,2
DA:102,2
DA:103,12
DA:104,7
DA:105,1
DA:109,6
DA:112,2
DA:113,4
DA:114,6
DA:117,2
DA:118,4
DA:119,2
DA:120,6
DA:121,2
DA:123,5
DA:124,4
DA:129,2
DA:132,2
DA:133,2
DA:134,10
DA:135,4
DA:136,4
DA:140,2
DA:142,2
DA:143,2
DA:144,2
DA:145,10
DA:147,4
DA:148,2
DA:149,2
DA:150,6
DA:152,2
DA:155,2
DA:156,2
DA:158,6
DA:168,2
DA:169,2
DA:170,2
DA:171,4
DA:172,1
DA:174,2
DA:176,2
DA:177,2
DA:178,4
DA:187,2
DA:188,2
DA:189,2
DA:191,6
DA:192,8
DA:196,2
DA:198,2
DA:200,2
DA:201,2
DA:202,2
DA:203,2
DA:204,2
DA:205,2
DA:206,2
DA:207,2
DA:208,2
DA:210,1
DA:211,2
DA:212,2
DA:213,1
DA:215,1
DA:218,0
DA:219,0
DA:224,2
DA:228,2
DA:230,2
DA:231,2
DA:233,2
LF:111
LH:109
end_of_record
SF:lib/src/story_carousel_controller.dart
DA:4,2
DA:14,6
DA:15,6
DA:16,6
DA:17,6
DA:18,6
DA:20,2
DA:27,2
DA:28,2
DA:29,2
DA:30,2
DA:31,4
DA:32,4
DA:35,2
DA:36,4
DA:37,4
LF:16
LH:16
end_of_record
